2024-12-12 23:01:44,886  INFO [main] base:42 - Initializing the browser: chrome
2024-12-12 23:01:47,501  WARN [main] base:51 - This is just a warning before launching the window
2024-12-12 23:01:51,559  INFO [main] base:42 - Initializing the browser: chrome
2024-12-12 23:01:52,683  WARN [main] base:51 - This is just a warning before launching the window
2024-12-12 23:03:41,505  INFO [main] base:42 - Initializing the browser: chrome
2024-12-12 23:03:43,177  WARN [main] base:51 - This is just a warning before launching the window
2024-12-12 23:03:47,233  INFO [main] base:42 - Initializing the browser: chrome
2024-12-12 23:03:48,300  WARN [main] base:51 - This is just a warning before launching the window
2024-12-12 23:05:15,990  INFO [main] base:42 - Initializing the browser: chrome
2024-12-12 23:05:17,549  WARN [main] base:51 - This is just a warning before launching the window
2024-12-12 23:05:21,603  INFO [main] base:42 - Initializing the browser: chrome
2024-12-12 23:05:22,663  WARN [main] base:51 - This is just a warning before launching the window
2024-12-12 23:08:46,970  INFO [main] base:42 - Initializing the browser: chrome
2024-12-12 23:08:48,074  WARN [main] base:51 - This is just a warning before launching the window
2024-12-12 23:08:53,272  INFO [main] base:42 - Initializing the browser: chrome
2024-12-12 23:08:54,373  WARN [main] base:51 - This is just a warning before launching the window
2024-12-13 17:37:47,692 DEBUG [main] PostScriptTable:170 - No PostScript name information is provided for the font LiberationSerif
2024-12-13 17:38:53,880 DEBUG [main] PostScriptTable:170 - No PostScript name information is provided for the font LiberationSerif
2024-12-13 20:01:55,822  INFO [main] base:42 - Initializing the browser: chrome
2024-12-13 20:01:59,433  WARN [main] base:51 - This is just a warning before launching the window
2024-12-13 20:02:09,447  INFO [main] base:42 - Initializing the browser: chrome
2024-12-13 20:02:10,524  WARN [main] base:51 - This is just a warning before launching the window
2024-12-13 20:05:39,412  INFO [main] base:42 - Initializing the browser: chrome
2024-12-13 20:05:40,592  WARN [main] base:51 - This is just a warning before launching the window
2024-12-15 00:37:26,222  INFO [main] base:44 - Initializing the browser: chrome
2024-12-15 00:37:28,324  WARN [main] base:53 - This is just a warning before launching the window
2024-12-15 00:37:32,651  INFO [main] base:44 - Initializing the browser: chrome
2024-12-15 00:37:33,745  WARN [main] base:53 - This is just a warning before launching the window
2024-12-15 00:40:59,736  INFO [main] base:44 - Initializing the browser: chrome
2024-12-15 00:41:00,988  WARN [main] base:53 - This is just a warning before launching the window
2024-12-15 00:41:06,889  INFO [main] base:44 - Initializing the browser: chrome
2024-12-15 00:41:07,959  WARN [main] base:53 - This is just a warning before launching the window
2024-12-15 00:41:11,955 DEBUG [main] cache:45 - Couldn't find template in cache for "spark/spark.spa.ftl"("en_IN", UTF-8, parsed); will try to load it.
2024-12-15 00:41:11,957 DEBUG [main] cache:45 - TemplateLoader.findTemplateSource("spark/spark.spa_en_IN.ftl"): Not found
2024-12-15 00:41:11,959 DEBUG [main] cache:45 - TemplateLoader.findTemplateSource("spark/spark.spa_en.ftl"): Not found
2024-12-15 00:41:11,960 DEBUG [main] cache:45 - TemplateLoader.findTemplateSource("spark/spark.spa.ftl"): Found
2024-12-15 00:41:11,960 DEBUG [main] cache:45 - Loading template for "spark/spark.spa.ftl"("en_IN", UTF-8, parsed) from "jar:file:/C:/Users/MOMS'GIRL/.m2/repository/com/aventstack/extentreports/5.1.2/extentreports-5.1.2.jar!/com/aventstack/extentreports/templates/spark/spark.spa.ftl"
2024-12-15 00:41:12,040 DEBUG [main] cache:45 - Couldn't find template in cache for "commons/commons-variables.ftl"("en_IN", UTF-8, parsed); will try to load it.
2024-12-15 00:41:12,041 DEBUG [main] cache:45 - TemplateLoader.findTemplateSource("commons/commons-variables_en_IN.ftl"): Not found
2024-12-15 00:41:12,043 DEBUG [main] cache:45 - TemplateLoader.findTemplateSource("commons/commons-variables_en.ftl"): Not found
2024-12-15 00:41:12,044 DEBUG [main] cache:45 - TemplateLoader.findTemplateSource("commons/commons-variables.ftl"): Found
2024-12-15 00:41:12,044 DEBUG [main] cache:45 - Loading template for "commons/commons-variables.ftl"("en_IN", UTF-8, parsed) from "jar:file:/C:/Users/MOMS'GIRL/.m2/repository/com/aventstack/extentreports/5.1.2/extentreports-5.1.2.jar!/com/aventstack/extentreports/templates/commons/commons-variables.ftl"
2024-12-15 00:41:12,152 DEBUG [main] cache:45 - Couldn't find template in cache for "commons/commons-macros.ftl"("en_IN", UTF-8, parsed); will try to load it.
2024-12-15 00:41:12,153 DEBUG [main] cache:45 - TemplateLoader.findTemplateSource("commons/commons-macros_en_IN.ftl"): Not found
2024-12-15 00:41:12,154 DEBUG [main] cache:45 - TemplateLoader.findTemplateSource("commons/commons-macros_en.ftl"): Not found
2024-12-15 00:41:12,155 DEBUG [main] cache:45 - TemplateLoader.findTemplateSource("commons/commons-macros.ftl"): Found
2024-12-15 00:41:12,155 DEBUG [main] cache:45 - Loading template for "commons/commons-macros.ftl"("en_IN", UTF-8, parsed) from "jar:file:/C:/Users/MOMS'GIRL/.m2/repository/com/aventstack/extentreports/5.1.2/extentreports-5.1.2.jar!/com/aventstack/extentreports/templates/commons/commons-macros.ftl"
2024-12-15 00:41:12,163 DEBUG [main] cache:45 - Couldn't find template in cache for "spark/macros/attributes.ftl"("en_IN", UTF-8, parsed); will try to load it.
2024-12-15 00:41:12,164 DEBUG [main] cache:45 - TemplateLoader.findTemplateSource("spark/macros/attributes_en_IN.ftl"): Not found
2024-12-15 00:41:12,166 DEBUG [main] cache:45 - TemplateLoader.findTemplateSource("spark/macros/attributes_en.ftl"): Not found
2024-12-15 00:41:12,167 DEBUG [main] cache:45 - TemplateLoader.findTemplateSource("spark/macros/attributes.ftl"): Found
2024-12-15 00:41:12,167 DEBUG [main] cache:45 - Loading template for "spark/macros/attributes.ftl"("en_IN", UTF-8, parsed) from "jar:file:/C:/Users/MOMS'GIRL/.m2/repository/com/aventstack/extentreports/5.1.2/extentreports-5.1.2.jar!/com/aventstack/extentreports/templates/spark/macros/attributes.ftl"
2024-12-15 00:41:12,169 DEBUG [main] cache:45 - Couldn't find template in cache for "spark/macros/log.ftl"("en_IN", UTF-8, parsed); will try to load it.
2024-12-15 00:41:12,170 DEBUG [main] cache:45 - TemplateLoader.findTemplateSource("spark/macros/log_en_IN.ftl"): Not found
2024-12-15 00:41:12,171 DEBUG [main] cache:45 - TemplateLoader.findTemplateSource("spark/macros/log_en.ftl"): Not found
2024-12-15 00:41:12,171 DEBUG [main] cache:45 - TemplateLoader.findTemplateSource("spark/macros/log.ftl"): Found
2024-12-15 00:41:12,171 DEBUG [main] cache:45 - Loading template for "spark/macros/log.ftl"("en_IN", UTF-8, parsed) from "jar:file:/C:/Users/MOMS'GIRL/.m2/repository/com/aventstack/extentreports/5.1.2/extentreports-5.1.2.jar!/com/aventstack/extentreports/templates/spark/macros/log.ftl"
2024-12-15 00:41:12,174 DEBUG [main] cache:45 - Couldn't find template in cache for "spark/macros/recurse_nodes.ftl"("en_IN", UTF-8, parsed); will try to load it.
2024-12-15 00:41:12,174 DEBUG [main] cache:45 - TemplateLoader.findTemplateSource("spark/macros/recurse_nodes_en_IN.ftl"): Not found
2024-12-15 00:41:12,175 DEBUG [main] cache:45 - TemplateLoader.findTemplateSource("spark/macros/recurse_nodes_en.ftl"): Not found
2024-12-15 00:41:12,178 DEBUG [main] cache:45 - TemplateLoader.findTemplateSource("spark/macros/recurse_nodes.ftl"): Found
2024-12-15 00:41:12,178 DEBUG [main] cache:45 - Loading template for "spark/macros/recurse_nodes.ftl"("en_IN", UTF-8, parsed) from "jar:file:/C:/Users/MOMS'GIRL/.m2/repository/com/aventstack/extentreports/5.1.2/extentreports-5.1.2.jar!/com/aventstack/extentreports/templates/spark/macros/recurse_nodes.ftl"
2024-12-15 00:41:12,185 DEBUG [main] cache:45 - "spark/macros/log.ftl"("en_IN", UTF-8, parsed) cached copy not yet stale; using cached.
2024-12-15 00:41:12,186 DEBUG [main] cache:45 - Couldn't find template in cache for "spark/macros/attr-common.ftl"("en_IN", UTF-8, parsed); will try to load it.
2024-12-15 00:41:12,187 DEBUG [main] cache:45 - TemplateLoader.findTemplateSource("spark/macros/attr-common_en_IN.ftl"): Not found
2024-12-15 00:41:12,188 DEBUG [main] cache:45 - TemplateLoader.findTemplateSource("spark/macros/attr-common_en.ftl"): Not found
2024-12-15 00:41:12,190 DEBUG [main] cache:45 - TemplateLoader.findTemplateSource("spark/macros/attr-common.ftl"): Found
2024-12-15 00:41:12,190 DEBUG [main] cache:45 - Loading template for "spark/macros/attr-common.ftl"("en_IN", UTF-8, parsed) from "jar:file:/C:/Users/MOMS'GIRL/.m2/repository/com/aventstack/extentreports/5.1.2/extentreports-5.1.2.jar!/com/aventstack/extentreports/templates/spark/macros/attr-common.ftl"
2024-12-15 00:41:12,195 DEBUG [main] cache:45 - Couldn't find template in cache for "spark/partials/head.ftl"("en_IN", UTF-8, parsed); will try to load it.
2024-12-15 00:41:12,196 DEBUG [main] cache:45 - TemplateLoader.findTemplateSource("spark/partials/head_en_IN.ftl"): Not found
2024-12-15 00:41:12,197 DEBUG [main] cache:45 - TemplateLoader.findTemplateSource("spark/partials/head_en.ftl"): Not found
2024-12-15 00:41:12,198 DEBUG [main] cache:45 - TemplateLoader.findTemplateSource("spark/partials/head.ftl"): Found
2024-12-15 00:41:12,199 DEBUG [main] cache:45 - Loading template for "spark/partials/head.ftl"("en_IN", UTF-8, parsed) from "jar:file:/C:/Users/MOMS'GIRL/.m2/repository/com/aventstack/extentreports/5.1.2/extentreports-5.1.2.jar!/com/aventstack/extentreports/templates/spark/partials/head.ftl"
2024-12-15 00:41:12,202 DEBUG [main] cache:45 - Couldn't find template in cache for "commons/commons-inject-css.ftl"("en_IN", UTF-8, parsed); will try to load it.
2024-12-15 00:41:12,203 DEBUG [main] cache:45 - TemplateLoader.findTemplateSource("commons/commons-inject-css_en_IN.ftl"): Not found
2024-12-15 00:41:12,204 DEBUG [main] cache:45 - TemplateLoader.findTemplateSource("commons/commons-inject-css_en.ftl"): Not found
2024-12-15 00:41:12,205 DEBUG [main] cache:45 - TemplateLoader.findTemplateSource("commons/commons-inject-css.ftl"): Found
2024-12-15 00:41:12,206 DEBUG [main] cache:45 - Loading template for "commons/commons-inject-css.ftl"("en_IN", UTF-8, parsed) from "jar:file:/C:/Users/MOMS'GIRL/.m2/repository/com/aventstack/extentreports/5.1.2/extentreports-5.1.2.jar!/com/aventstack/extentreports/templates/commons/commons-inject-css.ftl"
2024-12-15 00:41:12,208 DEBUG [main] cache:45 - Couldn't find template in cache for "spark/partials/navbar.ftl"("en_IN", UTF-8, parsed); will try to load it.
2024-12-15 00:41:12,209 DEBUG [main] cache:45 - TemplateLoader.findTemplateSource("spark/partials/navbar_en_IN.ftl"): Not found
2024-12-15 00:41:12,210 DEBUG [main] cache:45 - TemplateLoader.findTemplateSource("spark/partials/navbar_en.ftl"): Not found
2024-12-15 00:41:12,211 DEBUG [main] cache:45 - TemplateLoader.findTemplateSource("spark/partials/navbar.ftl"): Found
2024-12-15 00:41:12,211 DEBUG [main] cache:45 - Loading template for "spark/partials/navbar.ftl"("en_IN", UTF-8, parsed) from "jar:file:/C:/Users/MOMS'GIRL/.m2/repository/com/aventstack/extentreports/5.1.2/extentreports-5.1.2.jar!/com/aventstack/extentreports/templates/spark/partials/navbar.ftl"
2024-12-15 00:41:12,220 DEBUG [main] cache:45 - Couldn't find template in cache for "spark/partials/sidenav.ftl"("en_IN", UTF-8, parsed); will try to load it.
2024-12-15 00:41:12,220 DEBUG [main] cache:45 - TemplateLoader.findTemplateSource("spark/partials/sidenav_en_IN.ftl"): Not found
2024-12-15 00:41:12,221 DEBUG [main] cache:45 - TemplateLoader.findTemplateSource("spark/partials/sidenav_en.ftl"): Not found
2024-12-15 00:41:12,222 DEBUG [main] cache:45 - TemplateLoader.findTemplateSource("spark/partials/sidenav.ftl"): Found
2024-12-15 00:41:12,224 DEBUG [main] cache:45 - Loading template for "spark/partials/sidenav.ftl"("en_IN", UTF-8, parsed) from "jar:file:/C:/Users/MOMS'GIRL/.m2/repository/com/aventstack/extentreports/5.1.2/extentreports-5.1.2.jar!/com/aventstack/extentreports/templates/spark/partials/sidenav.ftl"
2024-12-15 00:41:12,239 DEBUG [main] cache:45 - Couldn't find template in cache for "spark/partials/test.ftl"("en_IN", UTF-8, parsed); will try to load it.
2024-12-15 00:41:12,241 DEBUG [main] cache:45 - TemplateLoader.findTemplateSource("spark/partials/test_en_IN.ftl"): Not found
2024-12-15 00:41:12,242 DEBUG [main] cache:45 - TemplateLoader.findTemplateSource("spark/partials/test_en.ftl"): Not found
2024-12-15 00:41:12,243 DEBUG [main] cache:45 - TemplateLoader.findTemplateSource("spark/partials/test.ftl"): Found
2024-12-15 00:41:12,243 DEBUG [main] cache:45 - Loading template for "spark/partials/test.ftl"("en_IN", UTF-8, parsed) from "jar:file:/C:/Users/MOMS'GIRL/.m2/repository/com/aventstack/extentreports/5.1.2/extentreports-5.1.2.jar!/com/aventstack/extentreports/templates/spark/partials/test.ftl"
2024-12-15 00:41:12,267 DEBUG [main] cache:45 - Couldn't find template in cache for "spark/partials/standard-content.ftl"("en_IN", UTF-8, parsed); will try to load it.
2024-12-15 00:41:12,267 DEBUG [main] cache:45 - TemplateLoader.findTemplateSource("spark/partials/standard-content_en_IN.ftl"): Not found
2024-12-15 00:41:12,268 DEBUG [main] cache:45 - TemplateLoader.findTemplateSource("spark/partials/standard-content_en.ftl"): Not found
2024-12-15 00:41:12,269 DEBUG [main] cache:45 - TemplateLoader.findTemplateSource("spark/partials/standard-content.ftl"): Found
2024-12-15 00:41:12,269 DEBUG [main] cache:45 - Loading template for "spark/partials/standard-content.ftl"("en_IN", UTF-8, parsed) from "jar:file:/C:/Users/MOMS'GIRL/.m2/repository/com/aventstack/extentreports/5.1.2/extentreports-5.1.2.jar!/com/aventstack/extentreports/templates/spark/partials/standard-content.ftl"
2024-12-15 00:41:12,277 DEBUG [main] cache:45 - "spark/partials/standard-content.ftl"("en_IN", UTF-8, parsed) cached copy not yet stale; using cached.
2024-12-15 00:41:12,284 DEBUG [main] cache:45 - "spark/partials/standard-content.ftl"("en_IN", UTF-8, parsed) cached copy not yet stale; using cached.
2024-12-15 00:41:12,286 DEBUG [main] cache:45 - "spark/partials/standard-content.ftl"("en_IN", UTF-8, parsed) cached copy not yet stale; using cached.
2024-12-15 00:41:12,287 DEBUG [main] cache:45 - Couldn't find template in cache for "spark/partials/exception.ftl"("en_IN", UTF-8, parsed); will try to load it.
2024-12-15 00:41:12,288 DEBUG [main] cache:45 - TemplateLoader.findTemplateSource("spark/partials/exception_en_IN.ftl"): Not found
2024-12-15 00:41:12,289 DEBUG [main] cache:45 - TemplateLoader.findTemplateSource("spark/partials/exception_en.ftl"): Not found
2024-12-15 00:41:12,290 DEBUG [main] cache:45 - TemplateLoader.findTemplateSource("spark/partials/exception.ftl"): Found
2024-12-15 00:41:12,290 DEBUG [main] cache:45 - Loading template for "spark/partials/exception.ftl"("en_IN", UTF-8, parsed) from "jar:file:/C:/Users/MOMS'GIRL/.m2/repository/com/aventstack/extentreports/5.1.2/extentreports-5.1.2.jar!/com/aventstack/extentreports/templates/spark/partials/exception.ftl"
2024-12-15 00:41:12,293 DEBUG [main] cache:45 - Couldn't find template in cache for "spark/partials/category.ftl"("en_IN", UTF-8, parsed); will try to load it.
2024-12-15 00:41:12,295 DEBUG [main] cache:45 - TemplateLoader.findTemplateSource("spark/partials/category_en_IN.ftl"): Not found
2024-12-15 00:41:12,296 DEBUG [main] cache:45 - TemplateLoader.findTemplateSource("spark/partials/category_en.ftl"): Not found
2024-12-15 00:41:12,298 DEBUG [main] cache:45 - TemplateLoader.findTemplateSource("spark/partials/category.ftl"): Found
2024-12-15 00:41:12,299 DEBUG [main] cache:45 - Loading template for "spark/partials/category.ftl"("en_IN", UTF-8, parsed) from "jar:file:/C:/Users/MOMS'GIRL/.m2/repository/com/aventstack/extentreports/5.1.2/extentreports-5.1.2.jar!/com/aventstack/extentreports/templates/spark/partials/category.ftl"
2024-12-15 00:41:12,301 DEBUG [main] cache:45 - Couldn't find template in cache for "spark/partials/device.ftl"("en_IN", UTF-8, parsed); will try to load it.
2024-12-15 00:41:12,302 DEBUG [main] cache:45 - TemplateLoader.findTemplateSource("spark/partials/device_en_IN.ftl"): Not found
2024-12-15 00:41:12,303 DEBUG [main] cache:45 - TemplateLoader.findTemplateSource("spark/partials/device_en.ftl"): Not found
2024-12-15 00:41:12,303 DEBUG [main] cache:45 - TemplateLoader.findTemplateSource("spark/partials/device.ftl"): Found
2024-12-15 00:41:12,304 DEBUG [main] cache:45 - Loading template for "spark/partials/device.ftl"("en_IN", UTF-8, parsed) from "jar:file:/C:/Users/MOMS'GIRL/.m2/repository/com/aventstack/extentreports/5.1.2/extentreports-5.1.2.jar!/com/aventstack/extentreports/templates/spark/partials/device.ftl"
2024-12-15 00:41:12,307 DEBUG [main] cache:45 - Couldn't find template in cache for "spark/partials/author.ftl"("en_IN", UTF-8, parsed); will try to load it.
2024-12-15 00:41:12,308 DEBUG [main] cache:45 - TemplateLoader.findTemplateSource("spark/partials/author_en_IN.ftl"): Not found
2024-12-15 00:41:12,308 DEBUG [main] cache:45 - TemplateLoader.findTemplateSource("spark/partials/author_en.ftl"): Not found
2024-12-15 00:41:12,309 DEBUG [main] cache:45 - TemplateLoader.findTemplateSource("spark/partials/author.ftl"): Found
2024-12-15 00:41:12,309 DEBUG [main] cache:45 - Loading template for "spark/partials/author.ftl"("en_IN", UTF-8, parsed) from "jar:file:/C:/Users/MOMS'GIRL/.m2/repository/com/aventstack/extentreports/5.1.2/extentreports-5.1.2.jar!/com/aventstack/extentreports/templates/spark/partials/author.ftl"
2024-12-15 00:41:12,311 DEBUG [main] cache:45 - Couldn't find template in cache for "spark/partials/log.ftl"("en_IN", UTF-8, parsed); will try to load it.
2024-12-15 00:41:12,312 DEBUG [main] cache:45 - TemplateLoader.findTemplateSource("spark/partials/log_en_IN.ftl"): Not found
2024-12-15 00:41:12,313 DEBUG [main] cache:45 - TemplateLoader.findTemplateSource("spark/partials/log_en.ftl"): Not found
2024-12-15 00:41:12,314 DEBUG [main] cache:45 - TemplateLoader.findTemplateSource("spark/partials/log.ftl"): Found
2024-12-15 00:41:12,316 DEBUG [main] cache:45 - Loading template for "spark/partials/log.ftl"("en_IN", UTF-8, parsed) from "jar:file:/C:/Users/MOMS'GIRL/.m2/repository/com/aventstack/extentreports/5.1.2/extentreports-5.1.2.jar!/com/aventstack/extentreports/templates/spark/partials/log.ftl"
2024-12-15 00:41:12,317 DEBUG [main] cache:45 - Couldn't find template in cache for "spark/partials/dashboard.ftl"("en_IN", UTF-8, parsed); will try to load it.
2024-12-15 00:41:12,319 DEBUG [main] cache:45 - TemplateLoader.findTemplateSource("spark/partials/dashboard_en_IN.ftl"): Not found
2024-12-15 00:41:12,320 DEBUG [main] cache:45 - TemplateLoader.findTemplateSource("spark/partials/dashboard_en.ftl"): Not found
2024-12-15 00:41:12,321 DEBUG [main] cache:45 - TemplateLoader.findTemplateSource("spark/partials/dashboard.ftl"): Found
2024-12-15 00:41:12,322 DEBUG [main] cache:45 - Loading template for "spark/partials/dashboard.ftl"("en_IN", UTF-8, parsed) from "jar:file:/C:/Users/MOMS'GIRL/.m2/repository/com/aventstack/extentreports/5.1.2/extentreports-5.1.2.jar!/com/aventstack/extentreports/templates/spark/partials/dashboard.ftl"
2024-12-15 00:41:12,361 DEBUG [main] cache:45 - Couldn't find template in cache for "spark/partials/scripts.ftl"("en_IN", UTF-8, parsed); will try to load it.
2024-12-15 00:41:12,362 DEBUG [main] cache:45 - TemplateLoader.findTemplateSource("spark/partials/scripts_en_IN.ftl"): Not found
2024-12-15 00:41:12,363 DEBUG [main] cache:45 - TemplateLoader.findTemplateSource("spark/partials/scripts_en.ftl"): Not found
2024-12-15 00:41:12,364 DEBUG [main] cache:45 - TemplateLoader.findTemplateSource("spark/partials/scripts.ftl"): Found
2024-12-15 00:41:12,364 DEBUG [main] cache:45 - Loading template for "spark/partials/scripts.ftl"("en_IN", UTF-8, parsed) from "jar:file:/C:/Users/MOMS'GIRL/.m2/repository/com/aventstack/extentreports/5.1.2/extentreports-5.1.2.jar!/com/aventstack/extentreports/templates/spark/partials/scripts.ftl"
2024-12-15 00:41:12,368 DEBUG [main] cache:45 - Couldn't find template in cache for "commons/commons-inject-js.ftl"("en_IN", UTF-8, parsed); will try to load it.
2024-12-15 00:41:12,369 DEBUG [main] cache:45 - TemplateLoader.findTemplateSource("commons/commons-inject-js_en_IN.ftl"): Not found
2024-12-15 00:41:12,370 DEBUG [main] cache:45 - TemplateLoader.findTemplateSource("commons/commons-inject-js_en.ftl"): Not found
2024-12-15 00:41:12,371 DEBUG [main] cache:45 - TemplateLoader.findTemplateSource("commons/commons-inject-js.ftl"): Found
2024-12-15 00:41:12,371 DEBUG [main] cache:45 - Loading template for "commons/commons-inject-js.ftl"("en_IN", UTF-8, parsed) from "jar:file:/C:/Users/MOMS'GIRL/.m2/repository/com/aventstack/extentreports/5.1.2/extentreports-5.1.2.jar!/com/aventstack/extentreports/templates/commons/commons-inject-js.ftl"
2024-12-15 01:10:59,242  INFO [main] base:44 - Initializing the browser: chrome
2024-12-15 01:11:01,274  WARN [main] base:53 - This is just a warning before launching the window
2024-12-15 01:11:06,071  INFO [main] base:44 - Initializing the browser: chrome
2024-12-15 01:11:07,057  WARN [main] base:53 - This is just a warning before launching the window
2024-12-15 01:13:35,099  INFO [main] base:44 - Initializing the browser: chrome
2024-12-15 01:13:36,718  WARN [main] base:53 - This is just a warning before launching the window
2024-12-22 14:34:44,429  INFO [main] base:44 - Initializing the browser: null
2024-12-22 14:34:44,501  INFO [main] base:44 - Initializing the browser: null
2024-12-22 14:34:44,625 DEBUG [main] cache:45 - Couldn't find template in cache for "spark/spark.spa.ftl"("en_IN", UTF-8, parsed); will try to load it.
2024-12-22 14:34:44,627 DEBUG [main] cache:45 - TemplateLoader.findTemplateSource("spark/spark.spa_en_IN.ftl"): Not found
2024-12-22 14:34:44,629 DEBUG [main] cache:45 - TemplateLoader.findTemplateSource("spark/spark.spa_en.ftl"): Not found
2024-12-22 14:34:44,631 DEBUG [main] cache:45 - TemplateLoader.findTemplateSource("spark/spark.spa.ftl"): Found
2024-12-22 14:34:44,633 DEBUG [main] cache:45 - Loading template for "spark/spark.spa.ftl"("en_IN", UTF-8, parsed) from "jar:file:/C:/Users/MOMS'GIRL/.m2/repository/com/aventstack/extentreports/5.1.2/extentreports-5.1.2.jar!/com/aventstack/extentreports/templates/spark/spark.spa.ftl"
2024-12-22 14:34:44,718 DEBUG [main] cache:45 - Couldn't find template in cache for "commons/commons-variables.ftl"("en_IN", UTF-8, parsed); will try to load it.
2024-12-22 14:34:44,719 DEBUG [main] cache:45 - TemplateLoader.findTemplateSource("commons/commons-variables_en_IN.ftl"): Not found
2024-12-22 14:34:44,720 DEBUG [main] cache:45 - TemplateLoader.findTemplateSource("commons/commons-variables_en.ftl"): Not found
2024-12-22 14:34:44,720 DEBUG [main] cache:45 - TemplateLoader.findTemplateSource("commons/commons-variables.ftl"): Found
2024-12-22 14:34:44,721 DEBUG [main] cache:45 - Loading template for "commons/commons-variables.ftl"("en_IN", UTF-8, parsed) from "jar:file:/C:/Users/MOMS'GIRL/.m2/repository/com/aventstack/extentreports/5.1.2/extentreports-5.1.2.jar!/com/aventstack/extentreports/templates/commons/commons-variables.ftl"
2024-12-22 14:34:44,847 DEBUG [main] cache:45 - Couldn't find template in cache for "commons/commons-macros.ftl"("en_IN", UTF-8, parsed); will try to load it.
2024-12-22 14:34:44,848 DEBUG [main] cache:45 - TemplateLoader.findTemplateSource("commons/commons-macros_en_IN.ftl"): Not found
2024-12-22 14:34:44,849 DEBUG [main] cache:45 - TemplateLoader.findTemplateSource("commons/commons-macros_en.ftl"): Not found
2024-12-22 14:34:44,850 DEBUG [main] cache:45 - TemplateLoader.findTemplateSource("commons/commons-macros.ftl"): Found
2024-12-22 14:34:44,850 DEBUG [main] cache:45 - Loading template for "commons/commons-macros.ftl"("en_IN", UTF-8, parsed) from "jar:file:/C:/Users/MOMS'GIRL/.m2/repository/com/aventstack/extentreports/5.1.2/extentreports-5.1.2.jar!/com/aventstack/extentreports/templates/commons/commons-macros.ftl"
2024-12-22 14:34:44,860 DEBUG [main] cache:45 - Couldn't find template in cache for "spark/macros/attributes.ftl"("en_IN", UTF-8, parsed); will try to load it.
2024-12-22 14:34:44,862 DEBUG [main] cache:45 - TemplateLoader.findTemplateSource("spark/macros/attributes_en_IN.ftl"): Not found
2024-12-22 14:34:44,864 DEBUG [main] cache:45 - TemplateLoader.findTemplateSource("spark/macros/attributes_en.ftl"): Not found
2024-12-22 14:34:44,865 DEBUG [main] cache:45 - TemplateLoader.findTemplateSource("spark/macros/attributes.ftl"): Found
2024-12-22 14:34:44,866 DEBUG [main] cache:45 - Loading template for "spark/macros/attributes.ftl"("en_IN", UTF-8, parsed) from "jar:file:/C:/Users/MOMS'GIRL/.m2/repository/com/aventstack/extentreports/5.1.2/extentreports-5.1.2.jar!/com/aventstack/extentreports/templates/spark/macros/attributes.ftl"
2024-12-22 14:34:44,869 DEBUG [main] cache:45 - Couldn't find template in cache for "spark/macros/log.ftl"("en_IN", UTF-8, parsed); will try to load it.
2024-12-22 14:34:44,871 DEBUG [main] cache:45 - TemplateLoader.findTemplateSource("spark/macros/log_en_IN.ftl"): Not found
2024-12-22 14:34:44,872 DEBUG [main] cache:45 - TemplateLoader.findTemplateSource("spark/macros/log_en.ftl"): Not found
2024-12-22 14:34:44,874 DEBUG [main] cache:45 - TemplateLoader.findTemplateSource("spark/macros/log.ftl"): Found
2024-12-22 14:34:44,874 DEBUG [main] cache:45 - Loading template for "spark/macros/log.ftl"("en_IN", UTF-8, parsed) from "jar:file:/C:/Users/MOMS'GIRL/.m2/repository/com/aventstack/extentreports/5.1.2/extentreports-5.1.2.jar!/com/aventstack/extentreports/templates/spark/macros/log.ftl"
2024-12-22 14:34:44,878 DEBUG [main] cache:45 - Couldn't find template in cache for "spark/macros/recurse_nodes.ftl"("en_IN", UTF-8, parsed); will try to load it.
2024-12-22 14:34:44,879 DEBUG [main] cache:45 - TemplateLoader.findTemplateSource("spark/macros/recurse_nodes_en_IN.ftl"): Not found
2024-12-22 14:34:44,880 DEBUG [main] cache:45 - TemplateLoader.findTemplateSource("spark/macros/recurse_nodes_en.ftl"): Not found
2024-12-22 14:34:44,881 DEBUG [main] cache:45 - TemplateLoader.findTemplateSource("spark/macros/recurse_nodes.ftl"): Found
2024-12-22 14:34:44,882 DEBUG [main] cache:45 - Loading template for "spark/macros/recurse_nodes.ftl"("en_IN", UTF-8, parsed) from "jar:file:/C:/Users/MOMS'GIRL/.m2/repository/com/aventstack/extentreports/5.1.2/extentreports-5.1.2.jar!/com/aventstack/extentreports/templates/spark/macros/recurse_nodes.ftl"
2024-12-22 14:34:44,890 DEBUG [main] cache:45 - "spark/macros/log.ftl"("en_IN", UTF-8, parsed) cached copy not yet stale; using cached.
2024-12-22 14:34:44,891 DEBUG [main] cache:45 - Couldn't find template in cache for "spark/macros/attr-common.ftl"("en_IN", UTF-8, parsed); will try to load it.
2024-12-22 14:34:44,892 DEBUG [main] cache:45 - TemplateLoader.findTemplateSource("spark/macros/attr-common_en_IN.ftl"): Not found
2024-12-22 14:34:44,893 DEBUG [main] cache:45 - TemplateLoader.findTemplateSource("spark/macros/attr-common_en.ftl"): Not found
2024-12-22 14:34:44,894 DEBUG [main] cache:45 - TemplateLoader.findTemplateSource("spark/macros/attr-common.ftl"): Found
2024-12-22 14:34:44,895 DEBUG [main] cache:45 - Loading template for "spark/macros/attr-common.ftl"("en_IN", UTF-8, parsed) from "jar:file:/C:/Users/MOMS'GIRL/.m2/repository/com/aventstack/extentreports/5.1.2/extentreports-5.1.2.jar!/com/aventstack/extentreports/templates/spark/macros/attr-common.ftl"
2024-12-22 14:34:44,901 DEBUG [main] cache:45 - Couldn't find template in cache for "spark/partials/head.ftl"("en_IN", UTF-8, parsed); will try to load it.
2024-12-22 14:34:44,904 DEBUG [main] cache:45 - TemplateLoader.findTemplateSource("spark/partials/head_en_IN.ftl"): Not found
2024-12-22 14:34:44,909 DEBUG [main] cache:45 - TemplateLoader.findTemplateSource("spark/partials/head_en.ftl"): Not found
2024-12-22 14:34:44,910 DEBUG [main] cache:45 - TemplateLoader.findTemplateSource("spark/partials/head.ftl"): Found
2024-12-22 14:34:44,912 DEBUG [main] cache:45 - Loading template for "spark/partials/head.ftl"("en_IN", UTF-8, parsed) from "jar:file:/C:/Users/MOMS'GIRL/.m2/repository/com/aventstack/extentreports/5.1.2/extentreports-5.1.2.jar!/com/aventstack/extentreports/templates/spark/partials/head.ftl"
2024-12-22 14:34:44,919 DEBUG [main] cache:45 - Couldn't find template in cache for "commons/commons-inject-css.ftl"("en_IN", UTF-8, parsed); will try to load it.
2024-12-22 14:34:44,922 DEBUG [main] cache:45 - TemplateLoader.findTemplateSource("commons/commons-inject-css_en_IN.ftl"): Not found
2024-12-22 14:34:44,923 DEBUG [main] cache:45 - TemplateLoader.findTemplateSource("commons/commons-inject-css_en.ftl"): Not found
2024-12-22 14:34:44,925 DEBUG [main] cache:45 - TemplateLoader.findTemplateSource("commons/commons-inject-css.ftl"): Found
2024-12-22 14:34:44,925 DEBUG [main] cache:45 - Loading template for "commons/commons-inject-css.ftl"("en_IN", UTF-8, parsed) from "jar:file:/C:/Users/MOMS'GIRL/.m2/repository/com/aventstack/extentreports/5.1.2/extentreports-5.1.2.jar!/com/aventstack/extentreports/templates/commons/commons-inject-css.ftl"
2024-12-22 14:34:44,928 DEBUG [main] cache:45 - Couldn't find template in cache for "spark/partials/navbar.ftl"("en_IN", UTF-8, parsed); will try to load it.
2024-12-22 14:34:44,929 DEBUG [main] cache:45 - TemplateLoader.findTemplateSource("spark/partials/navbar_en_IN.ftl"): Not found
2024-12-22 14:34:44,931 DEBUG [main] cache:45 - TemplateLoader.findTemplateSource("spark/partials/navbar_en.ftl"): Not found
2024-12-22 14:34:44,933 DEBUG [main] cache:45 - TemplateLoader.findTemplateSource("spark/partials/navbar.ftl"): Found
2024-12-22 14:34:44,934 DEBUG [main] cache:45 - Loading template for "spark/partials/navbar.ftl"("en_IN", UTF-8, parsed) from "jar:file:/C:/Users/MOMS'GIRL/.m2/repository/com/aventstack/extentreports/5.1.2/extentreports-5.1.2.jar!/com/aventstack/extentreports/templates/spark/partials/navbar.ftl"
2024-12-22 14:34:44,947 DEBUG [main] cache:45 - Couldn't find template in cache for "spark/partials/sidenav.ftl"("en_IN", UTF-8, parsed); will try to load it.
2024-12-22 14:34:44,947 DEBUG [main] cache:45 - TemplateLoader.findTemplateSource("spark/partials/sidenav_en_IN.ftl"): Not found
2024-12-22 14:34:44,948 DEBUG [main] cache:45 - TemplateLoader.findTemplateSource("spark/partials/sidenav_en.ftl"): Not found
2024-12-22 14:34:44,949 DEBUG [main] cache:45 - TemplateLoader.findTemplateSource("spark/partials/sidenav.ftl"): Found
2024-12-22 14:34:44,950 DEBUG [main] cache:45 - Loading template for "spark/partials/sidenav.ftl"("en_IN", UTF-8, parsed) from "jar:file:/C:/Users/MOMS'GIRL/.m2/repository/com/aventstack/extentreports/5.1.2/extentreports-5.1.2.jar!/com/aventstack/extentreports/templates/spark/partials/sidenav.ftl"
2024-12-22 14:34:44,968 DEBUG [main] cache:45 - Couldn't find template in cache for "spark/partials/test.ftl"("en_IN", UTF-8, parsed); will try to load it.
2024-12-22 14:34:44,971 DEBUG [main] cache:45 - TemplateLoader.findTemplateSource("spark/partials/test_en_IN.ftl"): Not found
2024-12-22 14:34:44,971 DEBUG [main] cache:45 - TemplateLoader.findTemplateSource("spark/partials/test_en.ftl"): Not found
2024-12-22 14:34:44,972 DEBUG [main] cache:45 - TemplateLoader.findTemplateSource("spark/partials/test.ftl"): Found
2024-12-22 14:34:44,972 DEBUG [main] cache:45 - Loading template for "spark/partials/test.ftl"("en_IN", UTF-8, parsed) from "jar:file:/C:/Users/MOMS'GIRL/.m2/repository/com/aventstack/extentreports/5.1.2/extentreports-5.1.2.jar!/com/aventstack/extentreports/templates/spark/partials/test.ftl"
2024-12-22 14:34:45,000 DEBUG [main] cache:45 - Couldn't find template in cache for "spark/partials/standard-content.ftl"("en_IN", UTF-8, parsed); will try to load it.
2024-12-22 14:34:45,001 DEBUG [main] cache:45 - TemplateLoader.findTemplateSource("spark/partials/standard-content_en_IN.ftl"): Not found
2024-12-22 14:34:45,003 DEBUG [main] cache:45 - TemplateLoader.findTemplateSource("spark/partials/standard-content_en.ftl"): Not found
2024-12-22 14:34:45,004 DEBUG [main] cache:45 - TemplateLoader.findTemplateSource("spark/partials/standard-content.ftl"): Found
2024-12-22 14:34:45,004 DEBUG [main] cache:45 - Loading template for "spark/partials/standard-content.ftl"("en_IN", UTF-8, parsed) from "jar:file:/C:/Users/MOMS'GIRL/.m2/repository/com/aventstack/extentreports/5.1.2/extentreports-5.1.2.jar!/com/aventstack/extentreports/templates/spark/partials/standard-content.ftl"
2024-12-22 14:34:45,014 DEBUG [main] cache:45 - "spark/partials/standard-content.ftl"("en_IN", UTF-8, parsed) cached copy not yet stale; using cached.
2024-12-22 14:34:45,016 DEBUG [main] cache:45 - "spark/partials/standard-content.ftl"("en_IN", UTF-8, parsed) cached copy not yet stale; using cached.
2024-12-22 14:34:45,017 DEBUG [main] cache:45 - "spark/partials/standard-content.ftl"("en_IN", UTF-8, parsed) cached copy not yet stale; using cached.
2024-12-22 14:34:45,018 DEBUG [main] cache:45 - Couldn't find template in cache for "spark/partials/exception.ftl"("en_IN", UTF-8, parsed); will try to load it.
2024-12-22 14:34:45,019 DEBUG [main] cache:45 - TemplateLoader.findTemplateSource("spark/partials/exception_en_IN.ftl"): Not found
2024-12-22 14:34:45,019 DEBUG [main] cache:45 - TemplateLoader.findTemplateSource("spark/partials/exception_en.ftl"): Not found
2024-12-22 14:34:45,021 DEBUG [main] cache:45 - TemplateLoader.findTemplateSource("spark/partials/exception.ftl"): Found
2024-12-22 14:34:45,021 DEBUG [main] cache:45 - Loading template for "spark/partials/exception.ftl"("en_IN", UTF-8, parsed) from "jar:file:/C:/Users/MOMS'GIRL/.m2/repository/com/aventstack/extentreports/5.1.2/extentreports-5.1.2.jar!/com/aventstack/extentreports/templates/spark/partials/exception.ftl"
2024-12-22 14:34:45,023 DEBUG [main] cache:45 - Couldn't find template in cache for "spark/partials/category.ftl"("en_IN", UTF-8, parsed); will try to load it.
2024-12-22 14:34:45,024 DEBUG [main] cache:45 - TemplateLoader.findTemplateSource("spark/partials/category_en_IN.ftl"): Not found
2024-12-22 14:34:45,025 DEBUG [main] cache:45 - TemplateLoader.findTemplateSource("spark/partials/category_en.ftl"): Not found
2024-12-22 14:34:45,026 DEBUG [main] cache:45 - TemplateLoader.findTemplateSource("spark/partials/category.ftl"): Found
2024-12-22 14:34:45,027 DEBUG [main] cache:45 - Loading template for "spark/partials/category.ftl"("en_IN", UTF-8, parsed) from "jar:file:/C:/Users/MOMS'GIRL/.m2/repository/com/aventstack/extentreports/5.1.2/extentreports-5.1.2.jar!/com/aventstack/extentreports/templates/spark/partials/category.ftl"
2024-12-22 14:34:45,029 DEBUG [main] cache:45 - Couldn't find template in cache for "spark/partials/device.ftl"("en_IN", UTF-8, parsed); will try to load it.
2024-12-22 14:34:45,029 DEBUG [main] cache:45 - TemplateLoader.findTemplateSource("spark/partials/device_en_IN.ftl"): Not found
2024-12-22 14:34:45,030 DEBUG [main] cache:45 - TemplateLoader.findTemplateSource("spark/partials/device_en.ftl"): Not found
2024-12-22 14:34:45,031 DEBUG [main] cache:45 - TemplateLoader.findTemplateSource("spark/partials/device.ftl"): Found
2024-12-22 14:34:45,031 DEBUG [main] cache:45 - Loading template for "spark/partials/device.ftl"("en_IN", UTF-8, parsed) from "jar:file:/C:/Users/MOMS'GIRL/.m2/repository/com/aventstack/extentreports/5.1.2/extentreports-5.1.2.jar!/com/aventstack/extentreports/templates/spark/partials/device.ftl"
2024-12-22 14:34:45,034 DEBUG [main] cache:45 - Couldn't find template in cache for "spark/partials/author.ftl"("en_IN", UTF-8, parsed); will try to load it.
2024-12-22 14:34:45,034 DEBUG [main] cache:45 - TemplateLoader.findTemplateSource("spark/partials/author_en_IN.ftl"): Not found
2024-12-22 14:34:45,036 DEBUG [main] cache:45 - TemplateLoader.findTemplateSource("spark/partials/author_en.ftl"): Not found
2024-12-22 14:34:45,037 DEBUG [main] cache:45 - TemplateLoader.findTemplateSource("spark/partials/author.ftl"): Found
2024-12-22 14:34:45,037 DEBUG [main] cache:45 - Loading template for "spark/partials/author.ftl"("en_IN", UTF-8, parsed) from "jar:file:/C:/Users/MOMS'GIRL/.m2/repository/com/aventstack/extentreports/5.1.2/extentreports-5.1.2.jar!/com/aventstack/extentreports/templates/spark/partials/author.ftl"
2024-12-22 14:34:45,038 DEBUG [main] cache:45 - Couldn't find template in cache for "spark/partials/log.ftl"("en_IN", UTF-8, parsed); will try to load it.
2024-12-22 14:34:45,039 DEBUG [main] cache:45 - TemplateLoader.findTemplateSource("spark/partials/log_en_IN.ftl"): Not found
2024-12-22 14:34:45,039 DEBUG [main] cache:45 - TemplateLoader.findTemplateSource("spark/partials/log_en.ftl"): Not found
2024-12-22 14:34:45,040 DEBUG [main] cache:45 - TemplateLoader.findTemplateSource("spark/partials/log.ftl"): Found
2024-12-22 14:34:45,040 DEBUG [main] cache:45 - Loading template for "spark/partials/log.ftl"("en_IN", UTF-8, parsed) from "jar:file:/C:/Users/MOMS'GIRL/.m2/repository/com/aventstack/extentreports/5.1.2/extentreports-5.1.2.jar!/com/aventstack/extentreports/templates/spark/partials/log.ftl"
2024-12-22 14:34:45,041 DEBUG [main] cache:45 - Couldn't find template in cache for "spark/partials/dashboard.ftl"("en_IN", UTF-8, parsed); will try to load it.
2024-12-22 14:34:45,043 DEBUG [main] cache:45 - TemplateLoader.findTemplateSource("spark/partials/dashboard_en_IN.ftl"): Not found
2024-12-22 14:34:45,045 DEBUG [main] cache:45 - TemplateLoader.findTemplateSource("spark/partials/dashboard_en.ftl"): Not found
2024-12-22 14:34:45,045 DEBUG [main] cache:45 - TemplateLoader.findTemplateSource("spark/partials/dashboard.ftl"): Found
2024-12-22 14:34:45,046 DEBUG [main] cache:45 - Loading template for "spark/partials/dashboard.ftl"("en_IN", UTF-8, parsed) from "jar:file:/C:/Users/MOMS'GIRL/.m2/repository/com/aventstack/extentreports/5.1.2/extentreports-5.1.2.jar!/com/aventstack/extentreports/templates/spark/partials/dashboard.ftl"
2024-12-22 14:34:45,097 DEBUG [main] cache:45 - Couldn't find template in cache for "spark/partials/scripts.ftl"("en_IN", UTF-8, parsed); will try to load it.
2024-12-22 14:34:45,098 DEBUG [main] cache:45 - TemplateLoader.findTemplateSource("spark/partials/scripts_en_IN.ftl"): Not found
2024-12-22 14:34:45,099 DEBUG [main] cache:45 - TemplateLoader.findTemplateSource("spark/partials/scripts_en.ftl"): Not found
2024-12-22 14:34:45,100 DEBUG [main] cache:45 - TemplateLoader.findTemplateSource("spark/partials/scripts.ftl"): Found
2024-12-22 14:34:45,100 DEBUG [main] cache:45 - Loading template for "spark/partials/scripts.ftl"("en_IN", UTF-8, parsed) from "jar:file:/C:/Users/MOMS'GIRL/.m2/repository/com/aventstack/extentreports/5.1.2/extentreports-5.1.2.jar!/com/aventstack/extentreports/templates/spark/partials/scripts.ftl"
2024-12-22 14:34:45,104 DEBUG [main] cache:45 - Couldn't find template in cache for "commons/commons-inject-js.ftl"("en_IN", UTF-8, parsed); will try to load it.
2024-12-22 14:34:45,105 DEBUG [main] cache:45 - TemplateLoader.findTemplateSource("commons/commons-inject-js_en_IN.ftl"): Not found
2024-12-22 14:34:45,106 DEBUG [main] cache:45 - TemplateLoader.findTemplateSource("commons/commons-inject-js_en.ftl"): Not found
2024-12-22 14:34:45,106 DEBUG [main] cache:45 - TemplateLoader.findTemplateSource("commons/commons-inject-js.ftl"): Found
2024-12-22 14:34:45,107 DEBUG [main] cache:45 - Loading template for "commons/commons-inject-js.ftl"("en_IN", UTF-8, parsed) from "jar:file:/C:/Users/MOMS'GIRL/.m2/repository/com/aventstack/extentreports/5.1.2/extentreports-5.1.2.jar!/com/aventstack/extentreports/templates/commons/commons-inject-js.ftl"
2024-12-22 14:35:56,080  INFO [main] base:44 - Initializing the browser: chrome
2024-12-22 14:35:58,193  WARN [main] base:53 - This is just a warning before launching the window
2024-12-22 14:36:06,684  INFO [main] base:44 - Initializing the browser: chrome
2024-12-22 14:36:08,281  WARN [main] base:53 - This is just a warning before launching the window
